<?xml version="1.0" encoding="UTF-8"?>
<!-- Generated by org.testng.reporters.JUnitXMLReporter -->
<testsuite ignored="1" hostname="DESKTOP-E8RJ5KT" failures="1" tests="17" name="Test" time="0.311" errors="0" timestamp="2022-10-10T08:34:49 IST">
  <testcase classname="Testng.Testngexample" name="demo" time="0.018"/>
  <testcase classname="Testng.Testngskiptestcase" name="calls" time="0.006"/>
  <testcase classname="Testng.Testngskiptestcase" name="calls" time="0.001"/>
  <testcase classname="Testng.Testngskiptestcase" name="calls" time="0.002"/>
  <testcase classname="Testng.Testngskiptestcase" name="calls" time="0.009"/>
  <testcase classname="Testng.Testngskiptestcase" name="chats" time="0.007"/>
  <testcase classname="Testng.TestngPriority" name="calls" time="0.002"/>
  <testcase classname="Testng.TestngPriority" name="chats" time="0.002"/>
  <testcase classname="Testng.TestngPriority" name="settings" time="0.018"/>
  <testcase classname="Testng.TestngInvocationCount" name="settings" time="0.002"/>
  <testcase classname="Testng.TestngInvocationCount" name="settings" time="0.001"/>
  <testcase classname="Testng.TestngInvocationCount" name="calls" time="0.002"/>
  <testcase classname="Testng.TestngInvocationCount" name="calls" time="0.005"/>
  <testcase classname="Testng.TestngInvocationCount" name="calls" time="0.002"/>
  <testcase classname="Testng.TestngInvocationCount" name="calls" time="0.007"/>
  <testcase classname="Testng.TestngInvocationCount" name="chats" time="0.001"/>
  <testcase classname="Testng.parallelexecution" name="demo" time="0.0">
    <failure type="org.testng.TestNGException" message="
Cannot inject @Test annotated Method [demo] with [class java.lang.String].
For more information on native dependency injection please refer to https://testng.org/doc/documentation-main.html#native-dependency-injection">
      <![CDATA[org.testng.TestNGException: 
Cannot inject @Test annotated Method [demo] with [class java.lang.String].
For more information on native dependency injection please refer to https://testng.org/doc/documentation-main.html#native-dependency-injection
at java.base/java.util.ArrayList.forEach(ArrayList.java:1511)
... Removed 26 stack frames]]>
    </failure>
  </testcase> <!-- demo -->
  <testcase classname="Testng.Testngskiptestcase" name="settings" time="0.0">
    <ignored/>
  </testcase> <!-- settings -->
</testsuite> <!-- Test -->
